<?xml version="1.0" encoding="UTF-8"?>
<!-- Generated by org.testng.reporters.JUnitXMLReporter -->
<testsuite ignored="1" hostname="DESKTOP-D64UFRH" failures="0" tests="2" name="Test" time="35.791" errors="0" timestamp="2024-07-30T11:30:42 IST">
  <testcase classname="com.org.testcases.loginTest" name="loginApp" time="2.493"/>
  <testcase classname="com.org.testcases.DashboardTest" name="DashboardVerification" time="3.631"/>
  <testcase classname="com.org.pages.BaseClass" name="@BeforeSuite setUpSuite" time="0.0">
    <ignored/>
  </testcase> <!-- @BeforeSuite setUpSuite -->
</testsuite> <!-- Test -->
