<?xml version="1.0" encoding="UTF-8"?>
<!-- Generated by org.testng.reporters.JUnitReportReporter -->
<testsuite hostname="DESKTOP-D64UFRH" failures="0" tests="1" name="com.org.testcases.DashboardTest" time="3.667" errors="0" timestamp="2024-07-30T11:30:42 IST" skipped="0">
  <testcase classname="com.org.testcases.DashboardTest" name="DashboardVerification" time="3.667">
    <system-out>
      <![CDATA[Login button Sucessfully clicked
<br> Result of the Test - DashboardVerification Exceuted - Pass]]>
    </system-out>
  </testcase> <!-- DashboardVerification -->
  <system-out>
    <![CDATA[Setting up reports and test is getting ready
Setting Done Test Can be started
Trying to start browser and getting application ready
Browser and application is up and running
Web URL verified
Login button Sucessfully clicked
<br> Result of the Test - loginApp Exceuted - Pass
Test about to end
Test Completed - Report Generated
Trying to start browser and getting application ready
Browser and application is up and running
Login button Sucessfully clicked
<br> Result of the Test - DashboardVerification Exceuted - Pass
Test about to end
Test Completed - Report Generated]]>
  </system-out>
</testsuite> <!-- com.org.testcases.DashboardTest -->
